The system is: Linux - 3.19.0-61-lowlatency - x86_64
Compiling the CXX compiler identification source file "CMakeCXXCompilerId.cpp" succeeded.
Compiler: /usr/bin/c++ 
Build flags: 
Id flags: 

The output was:
0


Compilation of the CXX compiler identification source "CMakeCXXCompilerId.cpp" produced "a.out"

The CXX compiler identification is GNU, found in "/home/ruanwu/lighting/vitbec/vitbec/Debug/CMakeFiles/2.8.12.2/CompilerIdCXX/a.out"

Compiling the C compiler identification source file "CMakeCCompilerId.c" succeeded.
Compiler: /usr/bin/cc 
Build flags: 
Id flags: 

The output was:
0


Compilation of the C compiler identification source "CMakeCCompilerId.c" produced "a.out"

The C compiler identification is GNU, found in "/home/ruanwu/lighting/vitbec/vitbec/Debug/CMakeFiles/2.8.12.2/CompilerIdC/a.out"

Determining if the CXX compiler works passed with the following output:
Change Dir: /home/ruanwu/lighting/vitbec/vitbec/Debug/CMakeFiles/CMakeTmp

Run Build Command:/usr/bin/make "cmTryCompileExec841897073/fast"
/usr/bin/make -f CMakeFiles/cmTryCompileExec841897073.dir/build.make CMakeFiles/cmTryCompileExec841897073.dir/build
make[1]: 正在进入目录 `/home/ruanwu/lighting/vitbec/vitbec/Debug/CMakeFiles/CMakeTmp'
/usr/bin/cmake -E cmake_progress_report /home/ruanwu/lighting/vitbec/vitbec/Debug/CMakeFiles/CMakeTmp/CMakeFiles 1
Building CXX object CMakeFiles/cmTryCompileExec841897073.dir/testCXXCompiler.cxx.o
/usr/bin/c++     -o CMakeFiles/cmTryCompileExec841897073.dir/testCXXCompiler.cxx.o -c /home/ruanwu/lighting/vitbec/vitbec/Debug/CMakeFiles/CMakeTmp/testCXXCompiler.cxx
Linking CXX executable cmTryCompileExec841897073
/usr/bin/cmake -E cmake_link_script CMakeFiles/cmTryCompileExec841897073.dir/link.txt --verbose=1
/usr/bin/c++        CMakeFiles/cmTryCompileExec841897073.dir/testCXXCompiler.cxx.o  -o cmTryCompileExec841897073 -rdynamic 
make[1]:正在离开目录 `/home/ruanwu/lighting/vitbec/vitbec/Debug/CMakeFiles/CMakeTmp'


Detecting CXX compiler ABI info compiled with the following output:
Change Dir: /home/ruanwu/lighting/vitbec/vitbec/Debug/CMakeFiles/CMakeTmp

Run Build Command:/usr/bin/make "cmTryCompileExec2453907570/fast"
/usr/bin/make -f CMakeFiles/cmTryCompileExec2453907570.dir/build.make CMakeFiles/cmTryCompileExec2453907570.dir/build
make[1]: 正在进入目录 `/home/ruanwu/lighting/vitbec/vitbec/Debug/CMakeFiles/CMakeTmp'
/usr/bin/cmake -E cmake_progress_report /home/ruanwu/lighting/vitbec/vitbec/Debug/CMakeFiles/CMakeTmp/CMakeFiles 1
Building CXX object CMakeFiles/cmTryCompileExec2453907570.dir/CMakeCXXCompilerABI.cpp.o
/usr/bin/c++     -o CMakeFiles/cmTryCompileExec2453907570.dir/CMakeCXXCompilerABI.cpp.o -c /usr/share/cmake-2.8/Modules/CMakeCXXCompilerABI.cpp
Linking CXX executable cmTryCompileExec2453907570
/usr/bin/cmake -E cmake_link_script CMakeFiles/cmTryCompileExec2453907570.dir/link.txt --verbose=1
/usr/bin/c++      -v CMakeFiles/cmTryCompileExec2453907570.dir/CMakeCXXCompilerABI.cpp.o  -o cmTryCompileExec2453907570 -rdynamic  
Using built-in specs.
COLLECT_GCC=/usr/bin/c++
COLLECT_LTO_WRAPPER=/usr/lib/gcc/x86_64-linux-gnu/4.8/lto-wrapper
Target: x86_64-linux-gnu
Configured with: ../src/configure -v --with-pkgversion='Ubuntu 4.8.4-2ubuntu1~14.04.3' --with-bugurl=file:///usr/share/doc/gcc-4.8/README.Bugs --enable-languages=c,c++,java,go,d,fortran,objc,obj-c++ --prefix=/usr --program-suffix=-4.8 --enable-shared --enable-linker-build-id --libexecdir=/usr/lib --without-included-gettext --enable-threads=posix --with-gxx-include-dir=/usr/include/c++/4.8 --libdir=/usr/lib --enable-nls --with-sysroot=/ --enable-clocale=gnu --enable-libstdcxx-debug --enable-libstdcxx-time=yes --enable-gnu-unique-object --disable-libmudflap --enable-plugin --with-system-zlib --disable-browser-plugin --enable-java-awt=gtk --enable-gtk-cairo --with-java-home=/usr/lib/jvm/java-1.5.0-gcj-4.8-amd64/jre --enable-java-home --with-jvm-root-dir=/usr/lib/jvm/java-1.5.0-gcj-4.8-amd64 --with-jvm-jar-dir=/usr/lib/jvm-exports/java-1.5.0-gcj-4.8-amd64 --with-arch-directory=amd64 --with-ecj-jar=/usr/share/java/eclipse-ecj.jar --enable-objc-gc --enable-multiarch --disable-werror --with-arch-32=i686 --with-abi=m64 --with-multilib-list=m32,m64,mx32 --with-tune=generic --enable-checking=release --build=x86_64-linux-gnu --host=x86_64-linux-gnu --target=x86_64-linux-gnu
Thread model: posix
gcc version 4.8.4 (Ubuntu 4.8.4-2ubuntu1~14.04.3) 
COMPILER_PATH=/usr/lib/gcc/x86_64-linux-gnu/4.8/:/usr/lib/gcc/x86_64-linux-gnu/4.8/:/usr/lib/gcc/x86_64-linux-gnu/:/usr/lib/gcc/x86_64-linux-gnu/4.8/:/usr/lib/gcc/x86_64-linux-gnu/
LIBRARY_PATH=/usr/lib/gcc/x86_64-linux-gnu/4.8/:/usr/lib/gcc/x86_64-linux-gnu/4.8/../../../x86_64-linux-gnu/:/usr/lib/gcc/x86_64-linux-gnu/4.8/../../../../lib/:/lib/x86_64-linux-gnu/:/lib/../lib/:/usr/lib/x86_64-linux-gnu/:/usr/lib/../lib/:/usr/lib/gcc/x86_64-linux-gnu/4.8/../../../:/lib/:/usr/lib/
COLLECT_GCC_OPTIONS='-v' '-o' 'cmTryCompileExec2453907570' '-rdynamic' '-shared-libgcc' '-mtune=generic' '-march=x86-64'
 /usr/lib/gcc/x86_64-linux-gnu/4.8/collect2 --sysroot=/ --build-id --eh-frame-hdr -m elf_x86_64 --hash-style=gnu --as-needed -export-dynamic -dynamic-linker /lib64/ld-linux-x86-64.so.2 -z relro -o cmTryCompileExec2453907570 /usr/lib/gcc/x86_64-linux-gnu/4.8/../../../x86_64-linux-gnu/crt1.o /usr/lib/gcc/x86_64-linux-gnu/4.8/../../../x86_64-linux-gnu/crti.o /usr/lib/gcc/x86_64-linux-gnu/4.8/crtbegin.o -L/usr/lib/gcc/x86_64-linux-gnu/4.8 -L/usr/lib/gcc/x86_64-linux-gnu/4.8/../../../x86_64-linux-gnu -L/usr/lib/gcc/x86_64-linux-gnu/4.8/../../../../lib -L/lib/x86_64-linux-gnu -L/lib/../lib -L/usr/lib/x86_64-linux-gnu -L/usr/lib/../lib -L/usr/lib/gcc/x86_64-linux-gnu/4.8/../../.. CMakeFiles/cmTryCompileExec2453907570.dir/CMakeCXXCompilerABI.cpp.o -lstdc++ -lm -lgcc_s -lgcc -lc -lgcc_s -lgcc /usr/lib/gcc/x86_64-linux-gnu/4.8/crtend.o /usr/lib/gcc/x86_64-linux-gnu/4.8/../../../x86_64-linux-gnu/crtn.o
make[1]:正在离开目录 `/home/ruanwu/lighting/vitbec/vitbec/Debug/CMakeFiles/CMakeTmp'


Parsed CXX implicit link information from above output:
  link line regex: [^( *|.*[/\])(ld|([^/\]+-)?ld|collect2)[^/\]*( |$)]
  ignore line: [Change Dir: /home/ruanwu/lighting/vitbec/vitbec/Debug/CMakeFiles/CMakeTmp]
  ignore line: []
  ignore line: [Run Build Command:/usr/bin/make "cmTryCompileExec2453907570/fast"]
  ignore line: [/usr/bin/make -f CMakeFiles/cmTryCompileExec2453907570.dir/build.make CMakeFiles/cmTryCompileExec2453907570.dir/build]
  ignore line: [make[1]: 正在进入目录 `/home/ruanwu/lighting/vitbec/vitbec/Debug/CMakeFiles/CMakeTmp']
  ignore line: [/usr/bin/cmake -E cmake_progress_report /home/ruanwu/lighting/vitbec/vitbec/Debug/CMakeFiles/CMakeTmp/CMakeFiles 1]
  ignore line: [Building CXX object CMakeFiles/cmTryCompileExec2453907570.dir/CMakeCXXCompilerABI.cpp.o]
  ignore line: [/usr/bin/c++     -o CMakeFiles/cmTryCompileExec2453907570.dir/CMakeCXXCompilerABI.cpp.o -c /usr/share/cmake-2.8/Modules/CMakeCXXCompilerABI.cpp]
  ignore line: [Linking CXX executable cmTryCompileExec2453907570]
  ignore line: [/usr/bin/cmake -E cmake_link_script CMakeFiles/cmTryCompileExec2453907570.dir/link.txt --verbose=1]
  ignore line: [/usr/bin/c++      -v CMakeFiles/cmTryCompileExec2453907570.dir/CMakeCXXCompilerABI.cpp.o  -o cmTryCompileExec2453907570 -rdynamic  ]
  ignore line: [Using built-in specs.]
  ignore line: [COLLECT_GCC=/usr/bin/c++]
  ignore line: [COLLECT_LTO_WRAPPER=/usr/lib/gcc/x86_64-linux-gnu/4.8/lto-wrapper]
  ignore line: [Target: x86_64-linux-gnu]
  ignore line: [Configured with: ../src/configure -v --with-pkgversion='Ubuntu 4.8.4-2ubuntu1~14.04.3' --with-bugurl=file:///usr/share/doc/gcc-4.8/README.Bugs --enable-languages=c,c++,java,go,d,fortran,objc,obj-c++ --prefix=/usr --program-suffix=-4.8 --enable-shared --enable-linker-build-id --libexecdir=/usr/lib --without-included-gettext --enable-threads=posix --with-gxx-include-dir=/usr/include/c++/4.8 --libdir=/usr/lib --enable-nls --with-sysroot=/ --enable-clocale=gnu --enable-libstdcxx-debug --enable-libstdcxx-time=yes --enable-gnu-unique-object --disable-libmudflap --enable-plugin --with-system-zlib --disable-browser-plugin --enable-java-awt=gtk --enable-gtk-cairo --with-java-home=/usr/lib/jvm/java-1.5.0-gcj-4.8-amd64/jre --enable-java-home --with-jvm-root-dir=/usr/lib/jvm/java-1.5.0-gcj-4.8-amd64 --with-jvm-jar-dir=/usr/lib/jvm-exports/java-1.5.0-gcj-4.8-amd64 --with-arch-directory=amd64 --with-ecj-jar=/usr/share/java/eclipse-ecj.jar --enable-objc-gc --enable-multiarch --disable-werror --with-arch-32=i686 --with-abi=m64 --with-multilib-list=m32,m64,mx32 --with-tune=generic --enable-checking=release --build=x86_64-linux-gnu --host=x86_64-linux-gnu --target=x86_64-linux-gnu]
  ignore line: [Thread model: posix]
  ignore line: [gcc version 4.8.4 (Ubuntu 4.8.4-2ubuntu1~14.04.3) ]
  ignore line: [COMPILER_PATH=/usr/lib/gcc/x86_64-linux-gnu/4.8/:/usr/lib/gcc/x86_64-linux-gnu/4.8/:/usr/lib/gcc/x86_64-linux-gnu/:/usr/lib/gcc/x86_64-linux-gnu/4.8/:/usr/lib/gcc/x86_64-linux-gnu/]
  ignore line: [LIBRARY_PATH=/usr/lib/gcc/x86_64-linux-gnu/4.8/:/usr/lib/gcc/x86_64-linux-gnu/4.8/../../../x86_64-linux-gnu/:/usr/lib/gcc/x86_64-linux-gnu/4.8/../../../../lib/:/lib/x86_64-linux-gnu/:/lib/../lib/:/usr/lib/x86_64-linux-gnu/:/usr/lib/../lib/:/usr/lib/gcc/x86_64-linux-gnu/4.8/../../../:/lib/:/usr/lib/]
  ignore line: [COLLECT_GCC_OPTIONS='-v' '-o' 'cmTryCompileExec2453907570' '-rdynamic' '-shared-libgcc' '-mtune=generic' '-march=x86-64']
  link line: [ /usr/lib/gcc/x86_64-linux-gnu/4.8/collect2 --sysroot=/ --build-id --eh-frame-hdr -m elf_x86_64 --hash-style=gnu --as-needed -export-dynamic -dynamic-linker /lib64/ld-linux-x86-64.so.2 -z relro -o cmTryCompileExec2453907570 /usr/lib/gcc/x86_64-linux-gnu/4.8/../../../x86_64-linux-gnu/crt1.o /usr/lib/gcc/x86_64-linux-gnu/4.8/../../../x86_64-linux-gnu/crti.o /usr/lib/gcc/x86_64-linux-gnu/4.8/crtbegin.o -L/usr/lib/gcc/x86_64-linux-gnu/4.8 -L/usr/lib/gcc/x86_64-linux-gnu/4.8/../../../x86_64-linux-gnu -L/usr/lib/gcc/x86_64-linux-gnu/4.8/../../../../lib -L/lib/x86_64-linux-gnu -L/lib/../lib -L/usr/lib/x86_64-linux-gnu -L/usr/lib/../lib -L/usr/lib/gcc/x86_64-linux-gnu/4.8/../../.. CMakeFiles/cmTryCompileExec2453907570.dir/CMakeCXXCompilerABI.cpp.o -lstdc++ -lm -lgcc_s -lgcc -lc -lgcc_s -lgcc /usr/lib/gcc/x86_64-linux-gnu/4.8/crtend.o /usr/lib/gcc/x86_64-linux-gnu/4.8/../../../x86_64-linux-gnu/crtn.o]
    arg [/usr/lib/gcc/x86_64-linux-gnu/4.8/collect2] ==> ignore
    arg [--sysroot=/] ==> ignore
    arg [--build-id] ==> ignore
    arg [--eh-frame-hdr] ==> ignore
    arg [-m] ==> ignore
    arg [elf_x86_64] ==> ignore
    arg [--hash-style=gnu] ==> ignore
    arg [--as-needed] ==> ignore
    arg [-export-dynamic] ==> ignore
    arg [-dynamic-linker] ==> ignore
    arg [/lib64/ld-linux-x86-64.so.2] ==> ignore
    arg [-zrelro] ==> ignore
    arg [-o] ==> ignore
    arg [cmTryCompileExec2453907570] ==> ignore
    arg [/usr/lib/gcc/x86_64-linux-gnu/4.8/../../../x86_64-linux-gnu/crt1.o] ==> ignore
    arg [/usr/lib/gcc/x86_64-linux-gnu/4.8/../../../x86_64-linux-gnu/crti.o] ==> ignore
    arg [/usr/lib/gcc/x86_64-linux-gnu/4.8/crtbegin.o] ==> ignore
    arg [-L/usr/lib/gcc/x86_64-linux-gnu/4.8] ==> dir [/usr/lib/gcc/x86_64-linux-gnu/4.8]
    arg [-L/usr/lib/gcc/x86_64-linux-gnu/4.8/../../../x86_64-linux-gnu] ==> dir [/usr/lib/gcc/x86_64-linux-gnu/4.8/../../../x86_64-linux-gnu]
    arg [-L/usr/lib/gcc/x86_64-linux-gnu/4.8/../../../../lib] ==> dir [/usr/lib/gcc/x86_64-linux-gnu/4.8/../../../../lib]
    arg [-L/lib/x86_64-linux-gnu] ==> dir [/lib/x86_64-linux-gnu]
    arg [-L/lib/../lib] ==> dir [/lib/../lib]
    arg [-L/usr/lib/x86_64-linux-gnu] ==> dir [/usr/lib/x86_64-linux-gnu]
    arg [-L/usr/lib/../lib] ==> dir [/usr/lib/../lib]
    arg [-L/usr/lib/gcc/x86_64-linux-gnu/4.8/../../..] ==> dir [/usr/lib/gcc/x86_64-linux-gnu/4.8/../../..]
    arg [CMakeFiles/cmTryCompileExec2453907570.dir/CMakeCXXCompilerABI.cpp.o] ==> ignore
    arg [-lstdc++] ==> lib [stdc++]
    arg [-lm] ==> lib [m]
    arg [-lgcc_s] ==> lib [gcc_s]
    arg [-lgcc] ==> lib [gcc]
    arg [-lc] ==> lib [c]
    arg [-lgcc_s] ==> lib [gcc_s]
    arg [-lgcc] ==> lib [gcc]
    arg [/usr/lib/gcc/x86_64-linux-gnu/4.8/crtend.o] ==> ignore
    arg [/usr/lib/gcc/x86_64-linux-gnu/4.8/../../../x86_64-linux-gnu/crtn.o] ==> ignore
  remove lib [gcc_s]
  remove lib [gcc]
  remove lib [gcc_s]
  remove lib [gcc]
  collapse library dir [/usr/lib/gcc/x86_64-linux-gnu/4.8] ==> [/usr/lib/gcc/x86_64-linux-gnu/4.8]
  collapse library dir [/usr/lib/gcc/x86_64-linux-gnu/4.8/../../../x86_64-linux-gnu] ==> [/usr/lib/x86_64-linux-gnu]
  collapse library dir [/usr/lib/gcc/x86_64-linux-gnu/4.8/../../../../lib] ==> [/usr/lib]
  collapse library dir [/lib/x86_64-linux-gnu] ==> [/lib/x86_64-linux-gnu]
  collapse library dir [/lib/../lib] ==> [/lib]
  collapse library dir [/usr/lib/x86_64-linux-gnu] ==> [/usr/lib/x86_64-linux-gnu]
  collapse library dir [/usr/lib/../lib] ==> [/usr/lib]
  collapse library dir [/usr/lib/gcc/x86_64-linux-gnu/4.8/../../..] ==> [/usr/lib]
  implicit libs: [stdc++;m;c]
  implicit dirs: [/usr/lib/gcc/x86_64-linux-gnu/4.8;/usr/lib/x86_64-linux-gnu;/usr/lib;/lib/x86_64-linux-gnu;/lib]
  implicit fwks: []


Determining if the C compiler works passed with the following output:
Change Dir: /home/ruanwu/lighting/vitbec/vitbec/Debug/CMakeFiles/CMakeTmp

Run Build Command:/usr/bin/make "cmTryCompileExec2662220027/fast"
/usr/bin/make -f CMakeFiles/cmTryCompileExec2662220027.dir/build.make CMakeFiles/cmTryCompileExec2662220027.dir/build
make[1]: 正在进入目录 `/home/ruanwu/lighting/vitbec/vitbec/Debug/CMakeFiles/CMakeTmp'
/usr/bin/cmake -E cmake_progress_report /home/ruanwu/lighting/vitbec/vitbec/Debug/CMakeFiles/CMakeTmp/CMakeFiles 1
Building C object CMakeFiles/cmTryCompileExec2662220027.dir/testCCompiler.c.o
/usr/bin/cc    -o CMakeFiles/cmTryCompileExec2662220027.dir/testCCompiler.c.o   -c /home/ruanwu/lighting/vitbec/vitbec/Debug/CMakeFiles/CMakeTmp/testCCompiler.c
Linking C executable cmTryCompileExec2662220027
/usr/bin/cmake -E cmake_link_script CMakeFiles/cmTryCompileExec2662220027.dir/link.txt --verbose=1
/usr/bin/cc       CMakeFiles/cmTryCompileExec2662220027.dir/testCCompiler.c.o  -o cmTryCompileExec2662220027 -rdynamic 
make[1]:正在离开目录 `/home/ruanwu/lighting/vitbec/vitbec/Debug/CMakeFiles/CMakeTmp'


Detecting C compiler ABI info compiled with the following output:
Change Dir: /home/ruanwu/lighting/vitbec/vitbec/Debug/CMakeFiles/CMakeTmp

Run Build Command:/usr/bin/make "cmTryCompileExec1907998638/fast"
/usr/bin/make -f CMakeFiles/cmTryCompileExec1907998638.dir/build.make CMakeFiles/cmTryCompileExec1907998638.dir/build
make[1]: 正在进入目录 `/home/ruanwu/lighting/vitbec/vitbec/Debug/CMakeFiles/CMakeTmp'
/usr/bin/cmake -E cmake_progress_report /home/ruanwu/lighting/vitbec/vitbec/Debug/CMakeFiles/CMakeTmp/CMakeFiles 1
Building C object CMakeFiles/cmTryCompileExec1907998638.dir/CMakeCCompilerABI.c.o
/usr/bin/cc    -o CMakeFiles/cmTryCompileExec1907998638.dir/CMakeCCompilerABI.c.o   -c /usr/share/cmake-2.8/Modules/CMakeCCompilerABI.c
Linking C executable cmTryCompileExec1907998638
/usr/bin/cmake -E cmake_link_script CMakeFiles/cmTryCompileExec1907998638.dir/link.txt --verbose=1
/usr/bin/cc     -v CMakeFiles/cmTryCompileExec1907998638.dir/CMakeCCompilerABI.c.o  -o cmTryCompileExec1907998638 -rdynamic  
Using built-in specs.
COLLECT_GCC=/usr/bin/cc
COLLECT_LTO_WRAPPER=/usr/lib/gcc/x86_64-linux-gnu/4.8/lto-wrapper
Target: x86_64-linux-gnu
Configured with: ../src/configure -v --with-pkgversion='Ubuntu 4.8.4-2ubuntu1~14.04.3' --with-bugurl=file:///usr/share/doc/gcc-4.8/README.Bugs --enable-languages=c,c++,java,go,d,fortran,objc,obj-c++ --prefix=/usr --program-suffix=-4.8 --enable-shared --enable-linker-build-id --libexecdir=/usr/lib --without-included-gettext --enable-threads=posix --with-gxx-include-dir=/usr/include/c++/4.8 --libdir=/usr/lib --enable-nls --with-sysroot=/ --enable-clocale=gnu --enable-libstdcxx-debug --enable-libstdcxx-time=yes --enable-gnu-unique-object --disable-libmudflap --enable-plugin --with-system-zlib --disable-browser-plugin --enable-java-awt=gtk --enable-gtk-cairo --with-java-home=/usr/lib/jvm/java-1.5.0-gcj-4.8-amd64/jre --enable-java-home --with-jvm-root-dir=/usr/lib/jvm/java-1.5.0-gcj-4.8-amd64 --with-jvm-jar-dir=/usr/lib/jvm-exports/java-1.5.0-gcj-4.8-amd64 --with-arch-directory=amd64 --with-ecj-jar=/usr/share/java/eclipse-ecj.jar --enable-objc-gc --enable-multiarch --disable-werror --with-arch-32=i686 --with-abi=m64 --with-multilib-list=m32,m64,mx32 --with-tune=generic --enable-checking=release --build=x86_64-linux-gnu --host=x86_64-linux-gnu --target=x86_64-linux-gnu
Thread model: posix
gcc version 4.8.4 (Ubuntu 4.8.4-2ubuntu1~14.04.3) 
COMPILER_PATH=/usr/lib/gcc/x86_64-linux-gnu/4.8/:/usr/lib/gcc/x86_64-linux-gnu/4.8/:/usr/lib/gcc/x86_64-linux-gnu/:/usr/lib/gcc/x86_64-linux-gnu/4.8/:/usr/lib/gcc/x86_64-linux-gnu/
LIBRARY_PATH=/usr/lib/gcc/x86_64-linux-gnu/4.8/:/usr/lib/gcc/x86_64-linux-gnu/4.8/../../../x86_64-linux-gnu/:/usr/lib/gcc/x86_64-linux-gnu/4.8/../../../../lib/:/lib/x86_64-linux-gnu/:/lib/../lib/:/usr/lib/x86_64-linux-gnu/:/usr/lib/../lib/:/usr/lib/gcc/x86_64-linux-gnu/4.8/../../../:/lib/:/usr/lib/
COLLECT_GCC_OPTIONS='-v' '-o' 'cmTryCompileExec1907998638' '-rdynamic' '-mtune=generic' '-march=x86-64'
 /usr/lib/gcc/x86_64-linux-gnu/4.8/collect2 --sysroot=/ --build-id --eh-frame-hdr -m elf_x86_64 --hash-style=gnu --as-needed -export-dynamic -dynamic-linker /lib64/ld-linux-x86-64.so.2 -z relro -o cmTryCompileExec1907998638 /usr/lib/gcc/x86_64-linux-gnu/4.8/../../../x86_64-linux-gnu/crt1.o /usr/lib/gcc/x86_64-linux-gnu/4.8/../../../x86_64-linux-gnu/crti.o /usr/lib/gcc/x86_64-linux-gnu/4.8/crtbegin.o -L/usr/lib/gcc/x86_64-linux-gnu/4.8 -L/usr/lib/gcc/x86_64-linux-gnu/4.8/../../../x86_64-linux-gnu -L/usr/lib/gcc/x86_64-linux-gnu/4.8/../../../../lib -L/lib/x86_64-linux-gnu -L/lib/../lib -L/usr/lib/x86_64-linux-gnu -L/usr/lib/../lib -L/usr/lib/gcc/x86_64-linux-gnu/4.8/../../.. CMakeFiles/cmTryCompileExec1907998638.dir/CMakeCCompilerABI.c.o -lgcc --as-needed -lgcc_s --no-as-needed -lc -lgcc --as-needed -lgcc_s --no-as-needed /usr/lib/gcc/x86_64-linux-gnu/4.8/crtend.o /usr/lib/gcc/x86_64-linux-gnu/4.8/../../../x86_64-linux-gnu/crtn.o
make[1]:正在离开目录 `/home/ruanwu/lighting/vitbec/vitbec/Debug/CMakeFiles/CMakeTmp'


Parsed C implicit link information from above output:
  link line regex: [^( *|.*[/\])(ld|([^/\]+-)?ld|collect2)[^/\]*( |$)]
  ignore line: [Change Dir: /home/ruanwu/lighting/vitbec/vitbec/Debug/CMakeFiles/CMakeTmp]
  ignore line: []
  ignore line: [Run Build Command:/usr/bin/make "cmTryCompileExec1907998638/fast"]
  ignore line: [/usr/bin/make -f CMakeFiles/cmTryCompileExec1907998638.dir/build.make CMakeFiles/cmTryCompileExec1907998638.dir/build]
  ignore line: [make[1]: 正在进入目录 `/home/ruanwu/lighting/vitbec/vitbec/Debug/CMakeFiles/CMakeTmp']
  ignore line: [/usr/bin/cmake -E cmake_progress_report /home/ruanwu/lighting/vitbec/vitbec/Debug/CMakeFiles/CMakeTmp/CMakeFiles 1]
  ignore line: [Building C object CMakeFiles/cmTryCompileExec1907998638.dir/CMakeCCompilerABI.c.o]
  ignore line: [/usr/bin/cc    -o CMakeFiles/cmTryCompileExec1907998638.dir/CMakeCCompilerABI.c.o   -c /usr/share/cmake-2.8/Modules/CMakeCCompilerABI.c]
  ignore line: [Linking C executable cmTryCompileExec1907998638]
  ignore line: [/usr/bin/cmake -E cmake_link_script CMakeFiles/cmTryCompileExec1907998638.dir/link.txt --verbose=1]
  ignore line: [/usr/bin/cc     -v CMakeFiles/cmTryCompileExec1907998638.dir/CMakeCCompilerABI.c.o  -o cmTryCompileExec1907998638 -rdynamic  ]
  ignore line: [Using built-in specs.]
  ignore line: [COLLECT_GCC=/usr/bin/cc]
  ignore line: [COLLECT_LTO_WRAPPER=/usr/lib/gcc/x86_64-linux-gnu/4.8/lto-wrapper]
  ignore line: [Target: x86_64-linux-gnu]
  ignore line: [Configured with: ../src/configure -v --with-pkgversion='Ubuntu 4.8.4-2ubuntu1~14.04.3' --with-bugurl=file:///usr/share/doc/gcc-4.8/README.Bugs --enable-languages=c,c++,java,go,d,fortran,objc,obj-c++ --prefix=/usr --program-suffix=-4.8 --enable-shared --enable-linker-build-id --libexecdir=/usr/lib --without-included-gettext --enable-threads=posix --with-gxx-include-dir=/usr/include/c++/4.8 --libdir=/usr/lib --enable-nls --with-sysroot=/ --enable-clocale=gnu --enable-libstdcxx-debug --enable-libstdcxx-time=yes --enable-gnu-unique-object --disable-libmudflap --enable-plugin --with-system-zlib --disable-browser-plugin --enable-java-awt=gtk --enable-gtk-cairo --with-java-home=/usr/lib/jvm/java-1.5.0-gcj-4.8-amd64/jre --enable-java-home --with-jvm-root-dir=/usr/lib/jvm/java-1.5.0-gcj-4.8-amd64 --with-jvm-jar-dir=/usr/lib/jvm-exports/java-1.5.0-gcj-4.8-amd64 --with-arch-directory=amd64 --with-ecj-jar=/usr/share/java/eclipse-ecj.jar --enable-objc-gc --enable-multiarch --disable-werror --with-arch-32=i686 --with-abi=m64 --with-multilib-list=m32,m64,mx32 --with-tune=generic --enable-checking=release --build=x86_64-linux-gnu --host=x86_64-linux-gnu --target=x86_64-linux-gnu]
  ignore line: [Thread model: posix]
  ignore line: [gcc version 4.8.4 (Ubuntu 4.8.4-2ubuntu1~14.04.3) ]
  ignore line: [COMPILER_PATH=/usr/lib/gcc/x86_64-linux-gnu/4.8/:/usr/lib/gcc/x86_64-linux-gnu/4.8/:/usr/lib/gcc/x86_64-linux-gnu/:/usr/lib/gcc/x86_64-linux-gnu/4.8/:/usr/lib/gcc/x86_64-linux-gnu/]
  ignore line: [LIBRARY_PATH=/usr/lib/gcc/x86_64-linux-gnu/4.8/:/usr/lib/gcc/x86_64-linux-gnu/4.8/../../../x86_64-linux-gnu/:/usr/lib/gcc/x86_64-linux-gnu/4.8/../../../../lib/:/lib/x86_64-linux-gnu/:/lib/../lib/:/usr/lib/x86_64-linux-gnu/:/usr/lib/../lib/:/usr/lib/gcc/x86_64-linux-gnu/4.8/../../../:/lib/:/usr/lib/]
  ignore line: [COLLECT_GCC_OPTIONS='-v' '-o' 'cmTryCompileExec1907998638' '-rdynamic' '-mtune=generic' '-march=x86-64']
  link line: [ /usr/lib/gcc/x86_64-linux-gnu/4.8/collect2 --sysroot=/ --build-id --eh-frame-hdr -m elf_x86_64 --hash-style=gnu --as-needed -export-dynamic -dynamic-linker /lib64/ld-linux-x86-64.so.2 -z relro -o cmTryCompileExec1907998638 /usr/lib/gcc/x86_64-linux-gnu/4.8/../../../x86_64-linux-gnu/crt1.o /usr/lib/gcc/x86_64-linux-gnu/4.8/../../../x86_64-linux-gnu/crti.o /usr/lib/gcc/x86_64-linux-gnu/4.8/crtbegin.o -L/usr/lib/gcc/x86_64-linux-gnu/4.8 -L/usr/lib/gcc/x86_64-linux-gnu/4.8/../../../x86_64-linux-gnu -L/usr/lib/gcc/x86_64-linux-gnu/4.8/../../../../lib -L/lib/x86_64-linux-gnu -L/lib/../lib -L/usr/lib/x86_64-linux-gnu -L/usr/lib/../lib -L/usr/lib/gcc/x86_64-linux-gnu/4.8/../../.. CMakeFiles/cmTryCompileExec1907998638.dir/CMakeCCompilerABI.c.o -lgcc --as-needed -lgcc_s --no-as-needed -lc -lgcc --as-needed -lgcc_s --no-as-needed /usr/lib/gcc/x86_64-linux-gnu/4.8/crtend.o /usr/lib/gcc/x86_64-linux-gnu/4.8/../../../x86_64-linux-gnu/crtn.o]
    arg [/usr/lib/gcc/x86_64-linux-gnu/4.8/collect2] ==> ignore
    arg [--sysroot=/] ==> ignore
    arg [--build-id] ==> ignore
    arg [--eh-frame-hdr] ==> ignore
    arg [-m] ==> ignore
    arg [elf_x86_64] ==> ignore
    arg [--hash-style=gnu] ==> ignore
    arg [--as-needed] ==> ignore
    arg [-export-dynamic] ==> ignore
    arg [-dynamic-linker] ==> ignore
    arg [/lib64/ld-linux-x86-64.so.2] ==> ignore
    arg [-zrelro] ==> ignore
    arg [-o] ==> ignore
    arg [cmTryCompileExec1907998638] ==> ignore
    arg [/usr/lib/gcc/x86_64-linux-gnu/4.8/../../../x86_64-linux-gnu/crt1.o] ==> ignore
    arg [/usr/lib/gcc/x86_64-linux-gnu/4.8/../../../x86_64-linux-gnu/crti.o] ==> ignore
    arg [/usr/lib/gcc/x86_64-linux-gnu/4.8/crtbegin.o] ==> ignore
    arg [-L/usr/lib/gcc/x86_64-linux-gnu/4.8] ==> dir [/usr/lib/gcc/x86_64-linux-gnu/4.8]
    arg [-L/usr/lib/gcc/x86_64-linux-gnu/4.8/../../../x86_64-linux-gnu] ==> dir [/usr/lib/gcc/x86_64-linux-gnu/4.8/../../../x86_64-linux-gnu]
    arg [-L/usr/lib/gcc/x86_64-linux-gnu/4.8/../../../../lib] ==> dir [/usr/lib/gcc/x86_64-linux-gnu/4.8/../../../../lib]
    arg [-L/lib/x86_64-linux-gnu] ==> dir [/lib/x86_64-linux-gnu]
    arg [-L/lib/../lib] ==> dir [/lib/../lib]
    arg [-L/usr/lib/x86_64-linux-gnu] ==> dir [/usr/lib/x86_64-linux-gnu]
    arg [-L/usr/lib/../lib] ==> dir [/usr/lib/../lib]
    arg [-L/usr/lib/gcc/x86_64-linux-gnu/4.8/../../..] ==> dir [/usr/lib/gcc/x86_64-linux-gnu/4.8/../../..]
    arg [CMakeFiles/cmTryCompileExec1907998638.dir/CMakeCCompilerABI.c.o] ==> ignore
    arg [-lgcc] ==> lib [gcc]
    arg [--as-needed] ==> ignore
    arg [-lgcc_s] ==> lib [gcc_s]
    arg [--no-as-needed] ==> ignore
    arg [-lc] ==> lib [c]
    arg [-lgcc] ==> lib [gcc]
    arg [--as-needed] ==> ignore
    arg [-lgcc_s] ==> lib [gcc_s]
    arg [--no-as-needed] ==> ignore
    arg [/usr/lib/gcc/x86_64-linux-gnu/4.8/crtend.o] ==> ignore
    arg [/usr/lib/gcc/x86_64-linux-gnu/4.8/../../../x86_64-linux-gnu/crtn.o] ==> ignore
  remove lib [gcc]
  remove lib [gcc_s]
  remove lib [gcc]
  remove lib [gcc_s]
  collapse library dir [/usr/lib/gcc/x86_64-linux-gnu/4.8] ==> [/usr/lib/gcc/x86_64-linux-gnu/4.8]
  collapse library dir [/usr/lib/gcc/x86_64-linux-gnu/4.8/../../../x86_64-linux-gnu] ==> [/usr/lib/x86_64-linux-gnu]
  collapse library dir [/usr/lib/gcc/x86_64-linux-gnu/4.8/../../../../lib] ==> [/usr/lib]
  collapse library dir [/lib/x86_64-linux-gnu] ==> [/lib/x86_64-linux-gnu]
  collapse library dir [/lib/../lib] ==> [/lib]
  collapse library dir [/usr/lib/x86_64-linux-gnu] ==> [/usr/lib/x86_64-linux-gnu]
  collapse library dir [/usr/lib/../lib] ==> [/usr/lib]
  collapse library dir [/usr/lib/gcc/x86_64-linux-gnu/4.8/../../..] ==> [/usr/lib]
  implicit libs: [c]
  implicit dirs: [/usr/lib/gcc/x86_64-linux-gnu/4.8;/usr/lib/x86_64-linux-gnu;/usr/lib;/lib/x86_64-linux-gnu;/lib]
  implicit fwks: []


Determining if the include file sys/types.h exists passed with the following output:
Change Dir: /home/ruanwu/lighting/vitbec/vitbec/Debug/CMakeFiles/CMakeTmp

Run Build Command:/usr/bin/make "cmTryCompileExec1061626630/fast"
/usr/bin/make -f CMakeFiles/cmTryCompileExec1061626630.dir/build.make CMakeFiles/cmTryCompileExec1061626630.dir/build
make[1]: 正在进入目录 `/home/ruanwu/lighting/vitbec/vitbec/Debug/CMakeFiles/CMakeTmp'
/usr/bin/cmake -E cmake_progress_report /home/ruanwu/lighting/vitbec/vitbec/Debug/CMakeFiles/CMakeTmp/CMakeFiles 1
Building C object CMakeFiles/cmTryCompileExec1061626630.dir/CheckIncludeFile.c.o
/usr/bin/cc    -o CMakeFiles/cmTryCompileExec1061626630.dir/CheckIncludeFile.c.o   -c /home/ruanwu/lighting/vitbec/vitbec/Debug/CMakeFiles/CMakeTmp/CheckIncludeFile.c
Linking C executable cmTryCompileExec1061626630
/usr/bin/cmake -E cmake_link_script CMakeFiles/cmTryCompileExec1061626630.dir/link.txt --verbose=1
/usr/bin/cc       CMakeFiles/cmTryCompileExec1061626630.dir/CheckIncludeFile.c.o  -o cmTryCompileExec1061626630 -rdynamic 
make[1]:正在离开目录 `/home/ruanwu/lighting/vitbec/vitbec/Debug/CMakeFiles/CMakeTmp'


Determining if the include file stdint.h exists passed with the following output:
Change Dir: /home/ruanwu/lighting/vitbec/vitbec/Debug/CMakeFiles/CMakeTmp

Run Build Command:/usr/bin/make "cmTryCompileExec4277655588/fast"
/usr/bin/make -f CMakeFiles/cmTryCompileExec4277655588.dir/build.make CMakeFiles/cmTryCompileExec4277655588.dir/build
make[1]: 正在进入目录 `/home/ruanwu/lighting/vitbec/vitbec/Debug/CMakeFiles/CMakeTmp'
/usr/bin/cmake -E cmake_progress_report /home/ruanwu/lighting/vitbec/vitbec/Debug/CMakeFiles/CMakeTmp/CMakeFiles 1
Building C object CMakeFiles/cmTryCompileExec4277655588.dir/CheckIncludeFile.c.o
/usr/bin/cc    -o CMakeFiles/cmTryCompileExec4277655588.dir/CheckIncludeFile.c.o   -c /home/ruanwu/lighting/vitbec/vitbec/Debug/CMakeFiles/CMakeTmp/CheckIncludeFile.c
Linking C executable cmTryCompileExec4277655588
/usr/bin/cmake -E cmake_link_script CMakeFiles/cmTryCompileExec4277655588.dir/link.txt --verbose=1
/usr/bin/cc       CMakeFiles/cmTryCompileExec4277655588.dir/CheckIncludeFile.c.o  -o cmTryCompileExec4277655588 -rdynamic 
make[1]:正在离开目录 `/home/ruanwu/lighting/vitbec/vitbec/Debug/CMakeFiles/CMakeTmp'


Determining if the include file stddef.h exists passed with the following output:
Change Dir: /home/ruanwu/lighting/vitbec/vitbec/Debug/CMakeFiles/CMakeTmp

Run Build Command:/usr/bin/make "cmTryCompileExec1025558112/fast"
/usr/bin/make -f CMakeFiles/cmTryCompileExec1025558112.dir/build.make CMakeFiles/cmTryCompileExec1025558112.dir/build
make[1]: 正在进入目录 `/home/ruanwu/lighting/vitbec/vitbec/Debug/CMakeFiles/CMakeTmp'
/usr/bin/cmake -E cmake_progress_report /home/ruanwu/lighting/vitbec/vitbec/Debug/CMakeFiles/CMakeTmp/CMakeFiles 1
Building C object CMakeFiles/cmTryCompileExec1025558112.dir/CheckIncludeFile.c.o
/usr/bin/cc    -o CMakeFiles/cmTryCompileExec1025558112.dir/CheckIncludeFile.c.o   -c /home/ruanwu/lighting/vitbec/vitbec/Debug/CMakeFiles/CMakeTmp/CheckIncludeFile.c
Linking C executable cmTryCompileExec1025558112
/usr/bin/cmake -E cmake_link_script CMakeFiles/cmTryCompileExec1025558112.dir/link.txt --verbose=1
/usr/bin/cc       CMakeFiles/cmTryCompileExec1025558112.dir/CheckIncludeFile.c.o  -o cmTryCompileExec1025558112 -rdynamic 
make[1]:正在离开目录 `/home/ruanwu/lighting/vitbec/vitbec/Debug/CMakeFiles/CMakeTmp'


Determining size of size_t passed with the following output:
Change Dir: /home/ruanwu/lighting/vitbec/vitbec/Debug/CMakeFiles/CMakeTmp

Run Build Command:/usr/bin/make "cmTryCompileExec308048264/fast"
/usr/bin/make -f CMakeFiles/cmTryCompileExec308048264.dir/build.make CMakeFiles/cmTryCompileExec308048264.dir/build
make[1]: 正在进入目录 `/home/ruanwu/lighting/vitbec/vitbec/Debug/CMakeFiles/CMakeTmp'
/usr/bin/cmake -E cmake_progress_report /home/ruanwu/lighting/vitbec/vitbec/Debug/CMakeFiles/CMakeTmp/CMakeFiles 1
Building C object CMakeFiles/cmTryCompileExec308048264.dir/SIZEOF_SIZE_T.c.o
/usr/bin/cc    -o CMakeFiles/cmTryCompileExec308048264.dir/SIZEOF_SIZE_T.c.o   -c /home/ruanwu/lighting/vitbec/vitbec/Debug/CMakeFiles/CheckTypeSize/SIZEOF_SIZE_T.c
Linking C executable cmTryCompileExec308048264
/usr/bin/cmake -E cmake_link_script CMakeFiles/cmTryCompileExec308048264.dir/link.txt --verbose=1
/usr/bin/cc       CMakeFiles/cmTryCompileExec308048264.dir/SIZEOF_SIZE_T.c.o  -o cmTryCompileExec308048264 -rdynamic 
make[1]:正在离开目录 `/home/ruanwu/lighting/vitbec/vitbec/Debug/CMakeFiles/CMakeTmp'


Determining size of unsigned int passed with the following output:
Change Dir: /home/ruanwu/lighting/vitbec/vitbec/Debug/CMakeFiles/CMakeTmp

Run Build Command:/usr/bin/make "cmTryCompileExec1027818635/fast"
/usr/bin/make -f CMakeFiles/cmTryCompileExec1027818635.dir/build.make CMakeFiles/cmTryCompileExec1027818635.dir/build
make[1]: 正在进入目录 `/home/ruanwu/lighting/vitbec/vitbec/Debug/CMakeFiles/CMakeTmp'
/usr/bin/cmake -E cmake_progress_report /home/ruanwu/lighting/vitbec/vitbec/Debug/CMakeFiles/CMakeTmp/CMakeFiles 1
Building C object CMakeFiles/cmTryCompileExec1027818635.dir/SIZEOF_UINT.c.o
/usr/bin/cc    -o CMakeFiles/cmTryCompileExec1027818635.dir/SIZEOF_UINT.c.o   -c /home/ruanwu/lighting/vitbec/vitbec/Debug/CMakeFiles/CheckTypeSize/SIZEOF_UINT.c
Linking C executable cmTryCompileExec1027818635
/usr/bin/cmake -E cmake_link_script CMakeFiles/cmTryCompileExec1027818635.dir/link.txt --verbose=1
/usr/bin/cc       CMakeFiles/cmTryCompileExec1027818635.dir/SIZEOF_UINT.c.o  -o cmTryCompileExec1027818635 -rdynamic 
make[1]:正在离开目录 `/home/ruanwu/lighting/vitbec/vitbec/Debug/CMakeFiles/CMakeTmp'


Determining size of unsigned long passed with the following output:
Change Dir: /home/ruanwu/lighting/vitbec/vitbec/Debug/CMakeFiles/CMakeTmp

Run Build Command:/usr/bin/make "cmTryCompileExec618556076/fast"
/usr/bin/make -f CMakeFiles/cmTryCompileExec618556076.dir/build.make CMakeFiles/cmTryCompileExec618556076.dir/build
make[1]: 正在进入目录 `/home/ruanwu/lighting/vitbec/vitbec/Debug/CMakeFiles/CMakeTmp'
/usr/bin/cmake -E cmake_progress_report /home/ruanwu/lighting/vitbec/vitbec/Debug/CMakeFiles/CMakeTmp/CMakeFiles 1
Building C object CMakeFiles/cmTryCompileExec618556076.dir/SIZEOF_UL.c.o
/usr/bin/cc    -o CMakeFiles/cmTryCompileExec618556076.dir/SIZEOF_UL.c.o   -c /home/ruanwu/lighting/vitbec/vitbec/Debug/CMakeFiles/CheckTypeSize/SIZEOF_UL.c
Linking C executable cmTryCompileExec618556076
/usr/bin/cmake -E cmake_link_script CMakeFiles/cmTryCompileExec618556076.dir/link.txt --verbose=1
/usr/bin/cc       CMakeFiles/cmTryCompileExec618556076.dir/SIZEOF_UL.c.o  -o cmTryCompileExec618556076 -rdynamic 
make[1]:正在离开目录 `/home/ruanwu/lighting/vitbec/vitbec/Debug/CMakeFiles/CMakeTmp'


Determining size of unsigned long long passed with the following output:
Change Dir: /home/ruanwu/lighting/vitbec/vitbec/Debug/CMakeFiles/CMakeTmp

Run Build Command:/usr/bin/make "cmTryCompileExec3144158355/fast"
/usr/bin/make -f CMakeFiles/cmTryCompileExec3144158355.dir/build.make CMakeFiles/cmTryCompileExec3144158355.dir/build
make[1]: 正在进入目录 `/home/ruanwu/lighting/vitbec/vitbec/Debug/CMakeFiles/CMakeTmp'
/usr/bin/cmake -E cmake_progress_report /home/ruanwu/lighting/vitbec/vitbec/Debug/CMakeFiles/CMakeTmp/CMakeFiles 1
Building C object CMakeFiles/cmTryCompileExec3144158355.dir/SIZEOF_ULL.c.o
/usr/bin/cc    -o CMakeFiles/cmTryCompileExec3144158355.dir/SIZEOF_ULL.c.o   -c /home/ruanwu/lighting/vitbec/vitbec/Debug/CMakeFiles/CheckTypeSize/SIZEOF_ULL.c
Linking C executable cmTryCompileExec3144158355
/usr/bin/cmake -E cmake_link_script CMakeFiles/cmTryCompileExec3144158355.dir/link.txt --verbose=1
/usr/bin/cc       CMakeFiles/cmTryCompileExec3144158355.dir/SIZEOF_ULL.c.o  -o cmTryCompileExec3144158355 -rdynamic 
make[1]:正在离开目录 `/home/ruanwu/lighting/vitbec/vitbec/Debug/CMakeFiles/CMakeTmp'


Performing C++ SOURCE FILE Test HAVE_WNO_UNUSED_BUT_SET_VARIABLE succeded with the following output:
Change Dir: /home/ruanwu/lighting/vitbec/vitbec/Debug/CMakeFiles/CMakeTmp

Run Build Command:/usr/bin/make "cmTryCompileExec1264900392/fast"
/usr/bin/make -f CMakeFiles/cmTryCompileExec1264900392.dir/build.make CMakeFiles/cmTryCompileExec1264900392.dir/build
make[1]: Entering directory `/home/ruanwu/lighting/vitbec/vitbec/Debug/CMakeFiles/CMakeTmp'
/usr/bin/cmake -E cmake_progress_report /home/ruanwu/lighting/vitbec/vitbec/Debug/CMakeFiles/CMakeTmp/CMakeFiles 1
Building CXX object CMakeFiles/cmTryCompileExec1264900392.dir/src.cxx.o
/usr/bin/c++    -fPIC -DHAVE_WNO_UNUSED_BUT_SET_VARIABLE   -Wno-unused-but-set-variable -o CMakeFiles/cmTryCompileExec1264900392.dir/src.cxx.o -c /home/ruanwu/lighting/vitbec/vitbec/Debug/CMakeFiles/CMakeTmp/src.cxx
Linking CXX executable cmTryCompileExec1264900392
/usr/bin/cmake -E cmake_link_script CMakeFiles/cmTryCompileExec1264900392.dir/link.txt --verbose=1
/usr/bin/c++    -fPIC -DHAVE_WNO_UNUSED_BUT_SET_VARIABLE    CMakeFiles/cmTryCompileExec1264900392.dir/src.cxx.o  -o cmTryCompileExec1264900392 -rdynamic 
make[1]: Leaving directory `/home/ruanwu/lighting/vitbec/vitbec/Debug/CMakeFiles/CMakeTmp'

Source file was:
int main() { return 0;}
